d:\carsaleprojectwd\carsaleprojectwd\carsaleprojectwd\debug\vc142.pdb
d:\carsaleprojectwd\carsaleprojectwd\carsaleprojectwd\debug\.netframework,version=v4.7.2.assemblyattributes.obj
d:\carsaleprojectwd\carsaleprojectwd\carsaleprojectwd\debug\vehicleservicechecklist.obj
d:\carsaleprojectwd\carsaleprojectwd\carsaleprojectwd\debug\vehicleinquirycopy.obj
d:\carsaleprojectwd\carsaleprojectwd\carsaleprojectwd\debug\vehicleinquiry.obj
d:\carsaleprojectwd\carsaleprojectwd\carsaleprojectwd\debug\vehiclehistory.obj
d:\carsaleprojectwd\carsaleprojectwd\carsaleprojectwd\debug\vehicledetailsupdate.obj
d:\carsaleprojectwd\carsaleprojectwd\carsaleprojectwd\debug\vehiclecleanup.obj
d:\carsaleprojectwd\carsaleprojectwd\carsaleprojectwd\debug\accountregistration.obj
d:\carsaleprojectwd\carsaleprojectwd\debug\mysql.data.dll
d:\carsaleprojectwd\carsaleprojectwd\debug\google.protobuf.dll
d:\carsaleprojectwd\carsaleprojectwd\debug\zstandard.net.dll
d:\carsaleprojectwd\carsaleprojectwd\debug\k4os.compression.lz4.streams.dll
d:\carsaleprojectwd\carsaleprojectwd\debug\bouncycastle.crypto.dll
d:\carsaleprojectwd\carsaleprojectwd\debug\ubiety.dns.core.dll
d:\carsaleprojectwd\carsaleprojectwd\debug\system.memory.dll
d:\carsaleprojectwd\carsaleprojectwd\debug\system.runtime.compilerservices.unsafe.dll
d:\carsaleprojectwd\carsaleprojectwd\debug\system.buffers.dll
d:\carsaleprojectwd\carsaleprojectwd\debug\k4os.compression.lz4.dll
d:\carsaleprojectwd\carsaleprojectwd\debug\k4os.hash.xxhash.dll
d:\carsaleprojectwd\carsaleprojectwd\debug\system.numerics.vectors.dll
d:\carsaleprojectwd\carsaleprojectwd\debug\mysql.data.xml
d:\carsaleprojectwd\carsaleprojectwd\carsaleprojectwd\debug\carsaleprojectwd.tlog\cl.command.1.tlog
d:\carsaleprojectwd\carsaleprojectwd\carsaleprojectwd\debug\carsaleprojectwd.tlog\cl.read.1.tlog
d:\carsaleprojectwd\carsaleprojectwd\carsaleprojectwd\debug\carsaleprojectwd.tlog\cl.write.1.tlog
d:\carsaleprojectwd\carsaleprojectwd\carsaleprojectwd\debug\carsaleprojectwd.tlog\copylocal.read.1u.tlog
d:\carsaleprojectwd\carsaleprojectwd\carsaleprojectwd\debug\carsaleprojectwd.tlog\copylocal.write.1u.tlog
d:\carsaleprojectwd\carsaleprojectwd\carsaleprojectwd\debug\carsaleprojectwd.tlog\metagen.write.1.tlog
